# JRE version: OpenJDK Runtime Environment GraalVM CE 22.3.0 (17.0.5+8) (build 17.0.5+8-jvmci-22.3-b08)
# Java VM: OpenJDK 64-Bit Server VM GraalVM CE 22.3.0 (17.0.5+8-jvmci-22.3-b08, mixed mode, sharing, tiered, jvmci, jvmci compiler, compressed oops, compressed class ptrs, parallel gc, linux-amd64)
GC Precious Log:
 CPUs: 4 total, 1 available
 Memory: 1024M
 Large Page Support: Disabled
 NUMA Support: Disabled
 Compressed Oops: Enabled (32-bit)
 Alignments: Space 512K, Generation 512K, Heap 2M
 Heap Min Capacity: 100M
 Heap Initial Capacity: 100M
 Heap Max Capacity: 512M
 Pre-touch: Disabled
 Parallel Workers: 1
Heap:
 PSYoungGen      total 30208K, used 13311K [0x00000000f5580000, 0x00000000f8600000, 0x0000000100000000)
  eden space 13312K, 99% used [0x00000000f5580000,0x00000000f627fff8,0x00000000f6280000)
  from space 16896K, 0% used [0x00000000f7580000,0x00000000f7580000,0x00000000f8600000)
  to   space 17920K, 0% used [0x00000000f6280000,0x00000000f6280000,0x00000000f7400000)
 ParOldGen       total 349696K, used 349695K [0x00000000e0000000, 0x00000000f5580000, 0x00000000f5580000)
  object space 349696K, 99% used [0x00000000e0000000,0x00000000f557fff8,0x00000000f5580000)
 Metaspace       used 55266K, committed 56128K, reserved 1105920K
  class space    used 5483K, committed 5888K, reserved 1048576K
GC Heap History (20 events):
Event: 229.526 GC heap before
{Heap before GC invocations=376 (full 218):
 PSYoungGen      total 30208K, used 13312K [0x00000000f5580000, 0x00000000f8600000, 0x0000000100000000)
  eden space 13312K, 100% used [0x00000000f5580000,0x00000000f6280000,0x00000000f6280000)
  from space 16896K, 0% used [0x00000000f7580000,0x00000000f7580000,0x00000000f8600000)
  to   space 17920K, 0% used [0x00000000f6280000,0x00000000f6280000,0x00000000f7400000)
 ParOldGen       total 349696K, used 349696K [0x00000000e0000000, 0x00000000f5580000, 0x00000000f5580000)
  object space 349696K, 100% used [0x00000000e0000000,0x00000000f5580000,0x00000000f5580000)
 Metaspace       used 55266K, committed 56128K, reserved 1105920K
  class space    used 5483K, committed 5888K, reserved 1048576K
}
Event: 230.420 GC heap after
{Heap after GC invocations=376 (full 218):
 PSYoungGen      total 31232K, used 13312K [0x00000000f5580000, 0x00000000f8600000, 0x0000000100000000)
  eden space 13312K, 100% used [0x00000000f5580000,0x00000000f6280000,0x00000000f6280000)
  from space 17920K, 0% used [0x00000000f6280000,0x00000000f6280000,0x00000000f7400000)
  to   space 16896K, 0% used [0x00000000f7580000,0x00000000f7580000,0x00000000f8600000)
 ParOldGen       total 349696K, used 349695K [0x00000000e0000000, 0x00000000f5580000, 0x00000000f5580000)
  object space 349696K, 99% used [0x00000000e0000000,0x00000000f557ffe0,0x00000000f5580000)
 Metaspace       used 55266K, committed 56128K, reserved 1105920K
  class space    used 5483K, committed 5888K, reserved 1048576K
}
Event: 230.421 GC heap before
{Heap before GC invocations=377 (full 219):
 PSYoungGen      total 31232K, used 13312K [0x00000000f5580000, 0x00000000f8600000, 0x0000000100000000)
  eden space 13312K, 100% used [0x00000000f5580000,0x00000000f6280000,0x00000000f6280000)
  from space 17920K, 0% used [0x00000000f6280000,0x00000000f6280000,0x00000000f7400000)
  to   space 16896K, 0% used [0x00000000f7580000,0x00000000f7580000,0x00000000f8600000)
 ParOldGen       total 349696K, used 349695K [0x00000000e0000000, 0x00000000f5580000, 0x00000000f5580000)
  object space 349696K, 99% used [0x00000000e0000000,0x00000000f557ffe0,0x00000000f5580000)
 Metaspace       used 55266K, committed 56128K, reserved 1105920K
  class space    used 5483K, committed 5888K, reserved 1048576K
}
Event: 231.289 GC heap after
{Heap after GC invocations=377 (full 219):
 PSYoungGen      total 30208K, used 13312K [0x00000000f5580000, 0x00000000f8600000, 0x0000000100000000)
  eden space 13312K, 100% used [0x00000000f5580000,0x00000000f6280000,0x00000000f6280000)
  from space 16896K, 0% used [0x00000000f7580000,0x00000000f7580000,0x00000000f8600000)
  to   space 17920K, 0% used [0x00000000f6280000,0x00000000f6280000,0x00000000f7400000)
 ParOldGen       total 349696K, used 349695K [0x00000000e0000000, 0x00000000f5580000, 0x00000000f5580000)
  object space 349696K, 99% used [0x00000000e0000000,0x00000000f557ffe0,0x00000000f5580000)
 Metaspace       used 55266K, committed 56128K, reserved 1105920K
  class space    used 5483K, committed 5888K, reserved 1048576K
}
Event: 231.290 GC heap before
{Heap before GC invocations=378 (full 220):
 PSYoungGen      total 30208K, used 13312K [0x00000000f5580000, 0x00000000f8600000, 0x0000000100000000)
  eden space 13312K, 100% used [0x00000000f5580000,0x00000000f6280000,0x00000000f6280000)
  from space 16896K, 0% used [0x00000000f7580000,0x00000000f7580000,0x00000000f8600000)
  to   space 17920K, 0% used [0x00000000f6280000,0x00000000f6280000,0x00000000f7400000)
 ParOldGen       total 349696K, used 349696K [0x00000000e0000000, 0x00000000f5580000, 0x00000000f5580000)
  object space 349696K, 100% used [0x00000000e0000000,0x00000000f5580000,0x00000000f5580000)
 Metaspace       used 55266K, committed 56128K, reserved 1105920K
  class space    used 5483K, committed 5888K, reserved 1048576K
}
Event: 232.113 GC heap after
{Heap after GC invocations=378 (full 220):
 PSYoungGen      total 31232K, used 13311K [0x00000000f5580000, 0x00000000f8600000, 0x0000000100000000)
  eden space 13312K, 99% used [0x00000000f5580000,0x00000000f627ffe0,0x00000000f6280000)
  from space 17920K, 0% used [0x00000000f6280000,0x00000000f6280000,0x00000000f7400000)
  to   space 16896K, 0% used [0x00000000f7580000,0x00000000f7580000,0x00000000f8600000)
 ParOldGen       total 349696K, used 349696K [0x00000000e0000000, 0x00000000f5580000, 0x00000000f5580000)
  object space 349696K, 100% used [0x00000000e0000000,0x00000000f5580000,0x00000000f5580000)
 Metaspace       used 55266K, committed 56128K, reserved 1105920K
  class space    used 5483K, committed 5888K, reserved 1048576K
}
Event: 232.113 GC heap before
{Heap before GC invocations=379 (full 221):
 PSYoungGen      total 31232K, used 13312K [0x00000000f5580000, 0x00000000f8600000, 0x0000000100000000)
  eden space 13312K, 100% used [0x00000000f5580000,0x00000000f6280000,0x00000000f6280000)
  from space 17920K, 0% used [0x00000000f6280000,0x00000000f6280000,0x00000000f7400000)
  to   space 16896K, 0% used [0x00000000f7580000,0x00000000f7580000,0x00000000f8600000)
 ParOldGen       total 349696K, used 349696K [0x00000000e0000000, 0x00000000f5580000, 0x00000000f5580000)
  object space 349696K, 100% used [0x00000000e0000000,0x00000000f5580000,0x00000000f5580000)
 Metaspace       used 55266K, committed 56128K, reserved 1105920K
  class space    used 5483K, committed 5888K, reserved 1048576K
}
Event: 232.928 GC heap after
{Heap after GC invocations=379 (full 221):
 PSYoungGen      total 30208K, used 13311K [0x00000000f5580000, 0x00000000f8600000, 0x0000000100000000)
  eden space 13312K, 99% used [0x00000000f5580000,0x00000000f627ffe0,0x00000000f6280000)
  from space 16896K, 0% used [0x00000000f7580000,0x00000000f7580000,0x00000000f8600000)
  to   space 17920K, 0% used [0x00000000f6280000,0x00000000f6280000,0x00000000f7400000)
 ParOldGen       total 349696K, used 349695K [0x00000000e0000000, 0x00000000f5580000, 0x00000000f5580000)
  object space 349696K, 99% used [0x00000000e0000000,0x00000000f557ffe0,0x00000000f5580000)
 Metaspace       used 55266K, committed 56128K, reserved 1105920K
  class space    used 5483K, committed 5888K, reserved 1048576K
}
Event: 232.928 GC heap before
{Heap before GC invocations=380 (full 222):
 PSYoungGen      total 30208K, used 13312K [0x00000000f5580000, 0x00000000f8600000, 0x0000000100000000)
  eden space 13312K, 100% used [0x00000000f5580000,0x00000000f6280000,0x00000000f6280000)
  from space 16896K, 0% used [0x00000000f7580000,0x00000000f7580000,0x00000000f8600000)
  to   space 17920K, 0% used [0x00000000f6280000,0x00000000f6280000,0x00000000f7400000)
 ParOldGen       total 349696K, used 349695K [0x00000000e0000000, 0x00000000f5580000, 0x00000000f5580000)
  object space 349696K, 99% used [0x00000000e0000000,0x00000000f557ffe0,0x00000000f5580000)
 Metaspace       used 55266K, committed 56128K, reserved 1105920K
  class space    used 5483K, committed 5888K, reserved 1048576K
}
Event: 233.802 GC heap after
{Heap after GC invocations=380 (full 222):
 PSYoungGen      total 31232K, used 13311K [0x00000000f5580000, 0x00000000f8600000, 0x0000000100000000)
  eden space 13312K, 99% used [0x00000000f5580000,0x00000000f627ffe0,0x00000000f6280000)
  from space 17920K, 0% used [0x00000000f6280000,0x00000000f6280000,0x00000000f7400000)
  to   space 16896K, 0% used [0x00000000f7580000,0x00000000f7580000,0x00000000f8600000)
 ParOldGen       total 349696K, used 349695K [0x00000000e0000000, 0x00000000f5580000, 0x00000000f5580000)
  object space 349696K, 99% used [0x00000000e0000000,0x00000000f557ffe0,0x00000000f5580000)
 Metaspace       used 55266K, committed 56128K, reserved 1105920K
  class space    used 5483K, committed 5888K, reserved 1048576K
}
Event: 233.802 GC heap before
{Heap before GC invocations=381 (full 223):
 PSYoungGen      total 31232K, used 13312K [0x00000000f5580000, 0x00000000f8600000, 0x0000000100000000)
  eden space 13312K, 100% used [0x00000000f5580000,0x00000000f6280000,0x00000000f6280000)
  from space 17920K, 0% used [0x00000000f6280000,0x00000000f6280000,0x00000000f7400000)
  to   space 16896K, 0% used [0x00000000f7580000,0x00000000f7580000,0x00000000f8600000)
 ParOldGen       total 349696K, used 349695K [0x00000000e0000000, 0x00000000f5580000, 0x00000000f5580000)
  object space 349696K, 99% used [0x00000000e0000000,0x00000000f557ffe0,0x00000000f5580000)
 Metaspace       used 55266K, committed 56128K, reserved 1105920K
  class space    used 5483K, committed 5888K, reserved 1048576K
}
Event: 234.693 GC heap after
{Heap after GC invocations=381 (full 223):
 PSYoungGen      total 30208K, used 13311K [0x00000000f5580000, 0x00000000f8600000, 0x0000000100000000)
  eden space 13312K, 99% used [0x00000000f5580000,0x00000000f627ffe0,0x00000000f6280000)
  from space 16896K, 0% used [0x00000000f7580000,0x00000000f7580000,0x00000000f8600000)
  to   space 17920K, 0% used [0x00000000f6280000,0x00000000f6280000,0x00000000f7400000)
 ParOldGen       total 349696K, used 349695K [0x00000000e0000000, 0x00000000f5580000, 0x00000000f5580000)
  object space 349696K, 99% used [0x00000000e0000000,0x00000000f557ffe0,0x00000000f5580000)
 Metaspace       used 55266K, committed 56128K, reserved 1105920K
  class space    used 5483K, committed 5888K, reserved 1048576K
}
Event: 234.693 GC heap before
{Heap before GC invocations=382 (full 224):
 PSYoungGen      total 30208K, used 13312K [0x00000000f5580000, 0x00000000f8600000, 0x0000000100000000)
  eden space 13312K, 100% used [0x00000000f5580000,0x00000000f6280000,0x00000000f6280000)
  from space 16896K, 0% used [0x00000000f7580000,0x00000000f7580000,0x00000000f8600000)
  to   space 17920K, 0% used [0x00000000f6280000,0x00000000f6280000,0x00000000f7400000)
 ParOldGen       total 349696K, used 349695K [0x00000000e0000000, 0x00000000f5580000, 0x00000000f5580000)
  object space 349696K, 99% used [0x00000000e0000000,0x00000000f557ffe0,0x00000000f5580000)
 Metaspace       used 55266K, committed 56128K, reserved 1105920K
  class space    used 5483K, committed 5888K, reserved 1048576K
}
Event: 235.511 GC heap after
{Heap after GC invocations=382 (full 224):
 PSYoungGen      total 31232K, used 13311K [0x00000000f5580000, 0x00000000f8600000, 0x0000000100000000)
  eden space 13312K, 99% used [0x00000000f5580000,0x00000000f627ffe0,0x00000000f6280000)
  from space 17920K, 0% used [0x00000000f6280000,0x00000000f6280000,0x00000000f7400000)
  to   space 16896K, 0% used [0x00000000f7580000,0x00000000f7580000,0x00000000f8600000)
 ParOldGen       total 349696K, used 349695K [0x00000000e0000000, 0x00000000f5580000, 0x00000000f5580000)
  object space 349696K, 99% used [0x00000000e0000000,0x00000000f557ffe0,0x00000000f5580000)
 Metaspace       used 55266K, committed 56128K, reserved 1105920K
  class space    used 5483K, committed 5888K, reserved 1048576K
}
Event: 235.511 GC heap before
{Heap before GC invocations=383 (full 225):
 PSYoungGen      total 31232K, used 13312K [0x00000000f5580000, 0x00000000f8600000, 0x0000000100000000)
  eden space 13312K, 100% used [0x00000000f5580000,0x00000000f6280000,0x00000000f6280000)
  from space 17920K, 0% used [0x00000000f6280000,0x00000000f6280000,0x00000000f7400000)
  to   space 16896K, 0% used [0x00000000f7580000,0x00000000f7580000,0x00000000f8600000)
 ParOldGen       total 349696K, used 349695K [0x00000000e0000000, 0x00000000f5580000, 0x00000000f5580000)
  object space 349696K, 99% used [0x00000000e0000000,0x00000000f557ffe0,0x00000000f5580000)
 Metaspace       used 55266K, committed 56128K, reserved 1105920K
  class space    used 5483K, committed 5888K, reserved 1048576K
}
Event: 236.386 GC heap after
{Heap after GC invocations=383 (full 225):
 PSYoungGen      total 30208K, used 13311K [0x00000000f5580000, 0x00000000f8600000, 0x0000000100000000)
  eden space 13312K, 99% used [0x00000000f5580000,0x00000000f627ffe0,0x00000000f6280000)
  from space 16896K, 0% used [0x00000000f7580000,0x00000000f7580000,0x00000000f8600000)
  to   space 17920K, 0% used [0x00000000f6280000,0x00000000f6280000,0x00000000f7400000)
 ParOldGen       total 349696K, used 349695K [0x00000000e0000000, 0x00000000f5580000, 0x00000000f5580000)
  object space 349696K, 99% used [0x00000000e0000000,0x00000000f557ffe0,0x00000000f5580000)
 Metaspace       used 55266K, committed 56128K, reserved 1105920K
  class space    used 5483K, committed 5888K, reserved 1048576K
}
Event: 236.386 GC heap before
{Heap before GC invocations=384 (full 226):
 PSYoungGen      total 30208K, used 13311K [0x00000000f5580000, 0x00000000f8600000, 0x0000000100000000)
  eden space 13312K, 99% used [0x00000000f5580000,0x00000000f627fff0,0x00000000f6280000)
  from space 16896K, 0% used [0x00000000f7580000,0x00000000f7580000,0x00000000f8600000)
  to   space 17920K, 0% used [0x00000000f6280000,0x00000000f6280000,0x00000000f7400000)
 ParOldGen       total 349696K, used 349695K [0x00000000e0000000, 0x00000000f5580000, 0x00000000f5580000)
  object space 349696K, 99% used [0x00000000e0000000,0x00000000f557ffe0,0x00000000f5580000)
 Metaspace       used 55266K, committed 56128K, reserved 1105920K
  class space    used 5483K, committed 5888K, reserved 1048576K
}
Event: 237.227 GC heap after
{Heap after GC invocations=384 (full 226):
 PSYoungGen      total 31232K, used 13311K [0x00000000f5580000, 0x00000000f8600000, 0x0000000100000000)
  eden space 13312K, 99% used [0x00000000f5580000,0x00000000f627ffe0,0x00000000f6280000)
  from space 17920K, 0% used [0x00000000f6280000,0x00000000f6280000,0x00000000f7400000)
  to   space 16896K, 0% used [0x00000000f7580000,0x00000000f7580000,0x00000000f8600000)
 ParOldGen       total 349696K, used 349695K [0x00000000e0000000, 0x00000000f5580000, 0x00000000f5580000)
  object space 349696K, 99% used [0x00000000e0000000,0x00000000f557ffe0,0x00000000f5580000)
 Metaspace       used 55266K, committed 56128K, reserved 1105920K
  class space    used 5483K, committed 5888K, reserved 1048576K
}
Event: 237.227 GC heap before
{Heap before GC invocations=385 (full 227):
 PSYoungGen      total 31232K, used 13311K [0x00000000f5580000, 0x00000000f8600000, 0x0000000100000000)
  eden space 13312K, 99% used [0x00000000f5580000,0x00000000f627ffe0,0x00000000f6280000)
  from space 17920K, 0% used [0x00000000f6280000,0x00000000f6280000,0x00000000f7400000)
  to   space 16896K, 0% used [0x00000000f7580000,0x00000000f7580000,0x00000000f8600000)
 ParOldGen       total 349696K, used 349695K [0x00000000e0000000, 0x00000000f5580000, 0x00000000f5580000)
  object space 349696K, 99% used [0x00000000e0000000,0x00000000f557ffe0,0x00000000f5580000)
 Metaspace       used 55266K, committed 56128K, reserved 1105920K
  class space    used 5483K, committed 5888K, reserved 1048576K
}
Event: 238.100 GC heap after
{Heap after GC invocations=385 (full 227):
 PSYoungGen      total 30208K, used 13311K [0x00000000f5580000, 0x00000000f8600000, 0x0000000100000000)
  eden space 13312K, 99% used [0x00000000f5580000,0x00000000f627ffe0,0x00000000f6280000)
  from space 16896K, 0% used [0x00000000f7580000,0x00000000f7580000,0x00000000f8600000)
  to   space 17920K, 0% used [0x00000000f6280000,0x00000000f6280000,0x00000000f7400000)
 ParOldGen       total 349696K, used 349695K [0x00000000e0000000, 0x00000000f5580000, 0x00000000f5580000)
  object space 349696K, 99% used [0x00000000e0000000,0x00000000f557ffe0,0x00000000f5580000)
 Metaspace       used 55266K, committed 56128K, reserved 1105920K
  class space    used 5483K, committed 5888K, reserved 1048576K
}

